(07:35:59.725) INFO: [TadState] TAD state init (NONE)
(07:49:55.847) INFO: [TadModel] DSF session ID 0 has started
(07:50:06.284) INFO: [TadModel] DSF session ID 1 has started
(07:50:40.342) INFO: [TadModel] DSF session ID 2 has started
(07:51:14.400) INFO: [TadModel] DSF session ID 3 has started
(07:52:00.647) INFO: [TadModel] DSF session ID 4 has started
(08:58:47.145) INFO: [TadModel] DSF session ID 5 has started
(08:58:49.299) INFO: [TadState] TAD state changed from DEBUG_STARTED to DEBUG_INIT_0 (Suspended, USER_REQUEST)
(08:58:50.965) INFO: [TadState] TAD state changed from DEBUG_INIT_0 to DEBUG_INIT_1 (Resumed, USER_REQUEST)
(08:59:12.290) INFO: [TadState] TAD state changed from DEBUG_INIT_1 to DEBUG_SUSPENDED (Suspended, USER_REQUEST)
(09:01:33.748) INFO: [TadModel] DSF session ID 6 has started
(09:01:35.575) INFO: [TadState] TAD state changed from DEBUG_STARTED to DEBUG_INIT_0 (Suspended, USER_REQUEST)
(09:01:37.836) INFO: [TadState] TAD state changed from DEBUG_INIT_0 to DEBUG_INIT_1 (Resumed, USER_REQUEST)
(09:01:37.896) INFO: [TadState] TAD state changed from DEBUG_INIT_1 to DEBUG_SUSPENDED (Suspended, BREAKPOINT)
(09:01:46.971) INFO: [TadState] TAD state changed from DEBUG_SUSPENDED to DEBUG_RESUMED (Resumed, STEP)
(09:01:47.129) INFO: [TadState] TAD state changed from DEBUG_RESUMED to READY (Suspended, STEP)
(09:01:47.635) ReadingException: com.freescale.mqx.gdb.tad.model.globalstatus.TadGlobalStatusFactory.isMqxDataValid() at 60.line "readLongVariableSafely(_mqx_kernel_data)"
(09:01:47.635) ERROR: [TadGlobalStatusFactory] Kernel Data NOT valid (pointer: 0x0000)
(09:01:47.635) ERROR: [TadGlobalStatusFactory] MQX data not valid!
(09:01:47.635) INFO: [TadModel$3] Loading of TAD Global Status took 502 ms
(09:01:47.635) INFO: [TadGlobalStatusController] TAD global status data is ready!
(09:01:51.896) INFO: [TadState] TAD state changed from READY to DEBUG_RESUMED (Resumed, STEP)
(09:01:51.963) INFO: [TadState] TAD state changed from DEBUG_RESUMED to READY (Suspended, SIGNAL)
(09:01:52.466) ReadingException: com.freescale.mqx.gdb.tad.model.globalstatus.TadGlobalStatusFactory.isMqxDataValid() at 60.line "readLongVariableSafely(_mqx_kernel_data)"
(09:01:52.466) ERROR: [TadGlobalStatusFactory] Kernel Data NOT valid (pointer: 0x0000)
(09:01:52.466) ERROR: [TadGlobalStatusFactory] MQX data not valid!
(09:01:52.466) INFO: [TadModel$3] Loading of TAD Global Status took 501 ms
(09:01:52.466) INFO: [TadGlobalStatusController] TAD global status data is ready!
(09:01:54.120) INFO: [TadModel] DSF session ID 6 has ended
(09:11:32.714) INFO: [TadModel] DSF session ID 7 has started
(09:11:34.513) INFO: [TadState] TAD state changed from DEBUG_STARTED to DEBUG_INIT_0 (Suspended, USER_REQUEST)
(09:11:36.802) INFO: [TadState] TAD state changed from DEBUG_INIT_0 to DEBUG_INIT_1 (Resumed, USER_REQUEST)
(09:11:36.862) INFO: [TadState] TAD state changed from DEBUG_INIT_1 to DEBUG_SUSPENDED (Suspended, BREAKPOINT)
(09:11:39.190) INFO: [TadState] TAD state changed from DEBUG_SUSPENDED to DEBUG_RESUMED (Resumed, USER_REQUEST)
(09:11:45.775) INFO: [TadState] TAD state changed from DEBUG_RESUMED to READY (Suspended, SIGNAL)
