"FreeRTOS Task Aware Debugger for GDB" version 1.0.0 (201606200848)
(c) 2016 NXP Semiconductors, Inc.
==================================
07:49:55.849 INFO: [TadModel] DSF session ID 0 has started.
07:50:06.285 INFO: [TadModel] DSF session ID 1 has started.
07:50:40.343 INFO: [TadModel] DSF session ID 2 has started.
07:51:14.400 INFO: [TadModel] DSF session ID 3 has started.
07:52:00.647 INFO: [TadModel] DSF session ID 4 has started.
08:58:47.146 INFO: [TadModel] DSF session ID 5 has started.
08:58:49.300 INFO: [TadState] TAD state changed:  DEBUG_STARTED -> DEBUG_INIT_0 (SUSPENDED, USER_REQUEST)
08:58:50.964 INFO: [TadState] TAD state changed:  DEBUG_INIT_0 -> DEBUG_INIT_1 (RESUMED, USER_REQUEST)
08:59:12.290 INFO: [TadState] TAD state changed:  DEBUG_INIT_1 -> DEBUG_SUSPENDED (SUSPENDED, USER_REQUEST)
09:01:33.749 INFO: [TadModel] DSF session ID 6 has started.
09:01:35.576 INFO: [TadState] TAD state changed:  DEBUG_STARTED -> DEBUG_INIT_0 (SUSPENDED, USER_REQUEST)
09:01:37.835 INFO: [TadState] TAD state changed:  DEBUG_INIT_0 -> DEBUG_INIT_1 (RESUMED, USER_REQUEST)
09:01:37.895 INFO: [TadState] TAD state changed:  DEBUG_INIT_1 -> DEBUG_SUSPENDED (SUSPENDED, BREAKPOINT)
09:01:46.970 INFO: [TadState] TAD state changed:  DEBUG_SUSPENDED -> DEBUG_RESUMED (RESUMED, STEP)
09:01:47.129 INFO: [TadState] TAD state changed:  DEBUG_RESUMED -> READY (SUSPENDED, STEP)
09:01:47.633 INFO: [FreeRTOS] FreeRTOS has not been detected.
09:01:51.896 INFO: [TadState] TAD state changed:  READY -> DEBUG_RESUMED (RESUMED, STEP)
09:01:51.963 INFO: [TadState] TAD state changed:  DEBUG_RESUMED -> READY (SUSPENDED, SIGNAL)
09:01:54.120 INFO: [TadModel] DSF session ID 6 has ended.
